<?xml version="1.0" encoding="UTF-8" ?>
<testsuite tests="5" failures="0" name="step.definitions.TestRunner" time="38.328" errors="2" skipped="0">
  <properties>
[...]
</properties>
  <testcase classname="Test feature" name="Click google chrome icon" time="8.972"/>
  <testcase classname="Test feature" name="Navigate to skywritersaas.com" time="13.725"/>
  <testcase classname="Test feature" name="Login to account" time="4.269"/>
  <testcase classname="Test feature" name="Create new Contact" time="5.901">
    <error message="audienceicon.png: (46x36) in S(0)[0,0 1280x800] E:Y, T:5.0" type="FindFailed">FindFailed: audienceicon.png: (46x36) in S(0)[0,0 1280x800] E:Y, T:5.0
  Line 2782, in file Region.java

	at org.sikuli.script.Region.wait(Region.java:2782)
	at org.sikuli.script.Region.find(Region.java:2329)
	at org.sikuli.script.Region.getLocationFromTarget(Region.java:3238)
	at org.sikuli.script.Region.click(Region.java:3736)
	at step.definitions.DesktopSteps.Navigate_newContact(DesktopSteps.java:156)
	at ✽.New contact navigation(src/test/resources/features/test.feature:16)
</error>
    <system-out>
  Scenario: Create new Contact   &amp;#27;[90m# src/test/resources/features/test.feature:15&amp;#27;[0m
setDbConfig() 
Postres Connection Successful
    &amp;#27;[31mGiven &amp;#27;[0m&amp;#27;[31mNew contact navigation&amp;#27;[0m &amp;#27;[90m# DesktopSteps.Navigate_newContact()&amp;#27;[0m
      &amp;#27;[31mFindFailed: audienceicon.png: (46x36) in S(0)[0,0 1280x800] E:Y, T:5.0
  Line 2782, in file Region.java

	at org.sikuli.script.Region.wait(Region.java:2782)
	at org.sikuli.script.Region.find(Region.java:2329)
	at org.sikuli.script.Region.getLocationFromTarget(Region.java:3238)
	at org.sikuli.script.Region.click(Region.java:3736)
	at step.definitions.DesktopSteps.Navigate_newContact(DesktopSteps.java:156)
	at ?.New contact navigation(src/test/resources/features/test.feature:16)
&amp;#27;[0m
</system-out>
    <system-err>Jun 24, 2019 2:27:41 PM step.definitions.Hooks takeScreenshotIfFailed
INFO: Screenshot written for failed scenario to: target\reports\Create new Contact.png
</system-err>
  </testcase>
  <testcase classname="Test feature" name="Input new contact data" time="5.461">
    <error message="firstname.png: (130x27) in S(0)[0,0 1280x800] E:Y, T:5.0" type="FindFailed">FindFailed: firstname.png: (130x27) in S(0)[0,0 1280x800] E:Y, T:5.0
  Line 2782, in file Region.java

	at org.sikuli.script.Region.wait(Region.java:2782)
	at org.sikuli.script.Region.find(Region.java:2329)
	at org.sikuli.script.Region.getLocationFromTarget(Region.java:3238)
	at org.sikuli.script.Region.click(Region.java:3736)
	at step.definitions.DesktopSteps.newContact_info(DesktopSteps.java:169)
	at ✽.New contact, input information(src/test/resources/features/test.feature:19)
</error>
    <system-out>
  Scenario: Input new contact data       &amp;#27;[90m# src/test/resources/features/test.feature:18&amp;#27;[0m
setDbConfig() 
Postres Connection Successful
    &amp;#27;[31mGiven &amp;#27;[0m&amp;#27;[31mNew contact, input information&amp;#27;[0m &amp;#27;[90m# DesktopSteps.newContact_info()&amp;#27;[0m
      &amp;#27;[31mFindFailed: firstname.png: (130x27) in S(0)[0,0 1280x800] E:Y, T:5.0
  Line 2782, in file Region.java

	at org.sikuli.script.Region.wait(Region.java:2782)
	at org.sikuli.script.Region.find(Region.java:2329)
	at org.sikuli.script.Region.getLocationFromTarget(Region.java:3238)
	at org.sikuli.script.Region.click(Region.java:3736)
	at step.definitions.DesktopSteps.newContact_info(DesktopSteps.java:169)
	at ?.New contact, input information(src/test/resources/features/test.feature:19)
&amp;#27;[0m
</system-out>
    <system-err>Jun 24, 2019 2:27:46 PM step.definitions.Hooks takeScreenshotIfFailed
INFO: Screenshot written for failed scenario to: target\reports\Input new contact data.png
</system-err>
  </testcase>
</testsuite>